Build started 30/06/2015 22:44:19.
     1>Project "C:\Users\ghost\Documents\Visual Studio 2010\Projects\PlatFormGame_ASM\PlatFormGame_ASM\PlatFormGame_ASM.vcxproj" on node 2 (build target(s)).
     1>InitializeBuildStatus:
         Touching "Debug\PlatFormGame_ASM.unsuccessfulbuild".
       _MASM:
         Assembling [Inputs]...
         cmd.exe /C "C:\Users\ghost\AppData\Local\Temp\tmp9441bd0a165e428cbfd93403faf23917.cmd"
         ml.exe /c /nologo /Zi /Fo"Debug\MainGame.obj" /W3 /errorReport:prompt  /TaMainGame.asm
     1>\masm32\include\masm32rt.inc(33): warning A4011: multiple .MODEL directives found : .MODEL ignored
     1>MainGame.asm(2614): warning A6001: no return from procedure
     1>MainGame.asm(291): warning A6004: procedure argument or local not referenced : pData
     1>MainGame.asm(410): warning A6004: procedure argument or local not referenced : widthh
     1>MainGame.asm(410): warning A6004: procedure argument or local not referenced : height
     1>MainGame.asm(410): warning A6004: procedure argument or local not referenced : widthSrc
     1>MainGame.asm(410): warning A6004: procedure argument or local not referenced : heightSrc
     1>MainGame.asm(1221): warning A6004: procedure argument or local not referenced : lv
     1>MainGame.asm(1326): warning A6004: procedure argument or local not referenced : Lengh
     1>MainGame.asm(1491): warning A6004: procedure argument or local not referenced : brushcolouring
     1>MainGame.asm(1579): warning A6004: procedure argument or local not referenced : brushcolouring
     1>MainGame.asm(1975): warning A6004: procedure argument or local not referenced : hWnd
     1>MainGame.asm(2165): warning A6004: procedure argument or local not referenced : brushcolouring2
     1>MainGame.asm(2420): warning A6004: procedure argument or local not referenced : pixelcolor
       ResourceCompile:
         All outputs are up-to-date.
       ManifestResourceCompile:
         All outputs are up-to-date.
       Link:
         c:\Program Files (x86)\Microsoft Visual Studio 10.0\VC\bin\link.exe /ERRORREPORT:PROMPT /OUT:"C:\Users\ghost\Documents\Visual Studio 2010\Projects\PlatFormGame_ASM\Debug\PlatFormGame_ASM.exe" /INCREMENTAL /NOLOGO kernel32.lib user32.lib gdi32.lib winspool.lib comdlg32.lib advapi32.lib shell32.lib ole32.lib oleaut32.lib uuid.lib odbc32.lib odbccp32.lib /MANIFEST /ManifestFile:"Debug\PlatFormGame_ASM.exe.intermediate.manifest" /MANIFESTUAC:"level='asInvoker' uiAccess='false'" /DEBUG /PDB:"C:\Users\ghost\Documents\Visual Studio 2010\Projects\PlatFormGame_ASM\Debug\PlatFormGame_ASM.pdb" /SUBSYSTEM:WINDOWS /TLBID:1 /DYNAMICBASE /NXCOMPAT /IMPLIB:"C:\Users\ghost\Documents\Visual Studio 2010\Projects\PlatFormGame_ASM\Debug\PlatFormGame_ASM.lib" /MACHINE:X86 Debug\resource.res
         Debug\PlatFormGame_ASM.exe.embed.manifest.res
         Debug\MainGame.obj
       Manifest:
         C:\Program Files (x86)\Microsoft SDKs\Windows\v7.0A\bin\mt.exe /nologo /verbose /out:"Debug\PlatFormGame_ASM.exe.embed.manifest" /manifest Debug\PlatFormGame_ASM.exe.intermediate.manifest
         All outputs are up-to-date.
       LinkEmbedManifest:
         All outputs are up-to-date.
         PlatFormGame_ASM.vcxproj -> C:\Users\ghost\Documents\Visual Studio 2010\Projects\PlatFormGame_ASM\Debug\PlatFormGame_ASM.exe
       FinalizeBuildStatus:
         Deleting file "Debug\PlatFormGame_ASM.unsuccessfulbuild".
         Touching "Debug\PlatFormGame_ASM.lastbuildstate".
     1>Done Building Project "C:\Users\ghost\Documents\Visual Studio 2010\Projects\PlatFormGame_ASM\PlatFormGame_ASM\PlatFormGame_ASM.vcxproj" (build target(s)).

Build succeeded.

Time Elapsed 00:00:06.19
